<?xml version="1.0" encoding="UTF-8"?>
<!-- Generated by org.testng.reporters.JUnitXMLReporter -->
<testsuite hostname="HP" ignored="0" name="Default test" tests="1" failures="0" timestamp="2021-03-14T13:40:54 IST" time="3.175" errors="0">
  <testcase name="@BeforeMethod setup" time="2.683" classname="com.app.at.testcases.AutomationTestWebsite">
    <failure type="org.openqa.selenium.SessionNotCreatedException" message="session not created: This version of ChromeDriver only supports Chrome version 89
Current browser version is 91.0.4442.4 with binary path C:\Program Files (x86)\Google\Chrome\Application\chrome.exe
Build info: version: &amp;apos;3.141.59&amp;apos;, revision: &amp;apos;e82be7d358&amp;apos;, time: &amp;apos;2018-11-14T08:17:03&amp;apos;
System info: host: &amp;apos;HP&amp;apos;, ip: &amp;apos;192.168.29.199&amp;apos;, os.name: &amp;apos;Windows 8.1&amp;apos;, os.arch: &amp;apos;amd64&amp;apos;, os.version: &amp;apos;6.3&amp;apos;, java.version: &amp;apos;1.8.0_65&amp;apos;
Driver info: driver.version: ChromeDriver
remote stacktrace: Backtrace:
	Ordinal0 [0x0125E7D3+124883]
	Ordinal0 [0x0125E7B1+124849]
	GetHandleVerifier [0x014A8688+193832]
	GetHandleVerifier [0x014C3AC5+305509]
	GetHandleVerifier [0x014C021B+291003]
	GetHandleVerifier [0x014BE0AC+282444]
	GetHandleVerifier [0x014E4A90+440624]
	GetHandleVerifier [0x014E47FC+439964]
	GetHandleVerifier [0x014E154B+426987]
	GetHandleVerifier [0x014C4FFD+310941]
	GetHandleVerifier [0x014C5D8E+314414]
	GetHandleVerifier [0x014C5D19+314297]
	GetHandleVerifier [0x015831EC+1089676]
	GetHandleVerifier [0x015817C9+1082985]
	GetHandleVerifier [0x015813A3+1081923]
	GetHandleVerifier [0x0167D9FD+2115741]
	Ordinal0 [0x013AB82E+1488942]
	Ordinal0 [0x01345A7D+1071741]
	Ordinal0 [0x0134559B+1070491]
	Ordinal0 [0x013454B1+1070257]
	Ordinal0 [0x0137FF53+1310547]
	BaseThreadInitThunk [0x76EE495D+14]
	RtlInitializeExceptionChain [0x77B498EE+132]
	RtlInitializeExceptionChain [0x77B498C4+90]
">
      <![CDATA[org.openqa.selenium.SessionNotCreatedException: session not created: This version of ChromeDriver only supports Chrome version 89
Current browser version is 91.0.4442.4 with binary path C:\Program Files (x86)\Google\Chrome\Application\chrome.exe
Build info: version: '3.141.59', revision: 'e82be7d358', time: '2018-11-14T08:17:03'
System info: host: 'HP', ip: '192.168.29.199', os.name: 'Windows 8.1', os.arch: 'amd64', os.version: '6.3', java.version: '1.8.0_65'
Driver info: driver.version: ChromeDriver
remote stacktrace: Backtrace:
Ordinal0 [0x0125E7D3+124883]
Ordinal0 [0x0125E7B1+124849]
GetHandleVerifier [0x014A8688+193832]
GetHandleVerifier [0x014C3AC5+305509]
GetHandleVerifier [0x014C021B+291003]
GetHandleVerifier [0x014BE0AC+282444]
GetHandleVerifier [0x014E4A90+440624]
GetHandleVerifier [0x014E47FC+439964]
GetHandleVerifier [0x014E154B+426987]
GetHandleVerifier [0x014C4FFD+310941]
GetHandleVerifier [0x014C5D8E+314414]
GetHandleVerifier [0x014C5D19+314297]
GetHandleVerifier [0x015831EC+1089676]
GetHandleVerifier [0x015817C9+1082985]
GetHandleVerifier [0x015813A3+1081923]
GetHandleVerifier [0x0167D9FD+2115741]
Ordinal0 [0x013AB82E+1488942]
Ordinal0 [0x01345A7D+1071741]
Ordinal0 [0x0134559B+1070491]
Ordinal0 [0x013454B1+1070257]
Ordinal0 [0x0137FF53+1310547]
BaseThreadInitThunk [0x76EE495D+14]
RtlInitializeExceptionChain [0x77B498EE+132]
RtlInitializeExceptionChain [0x77B498C4+90]

at sun.reflect.NativeConstructorAccessorImpl.newInstance0(Native Method)
at sun.reflect.NativeConstructorAccessorImpl.newInstance(NativeConstructorAccessorImpl.java:62)
at sun.reflect.DelegatingConstructorAccessorImpl.newInstance(DelegatingConstructorAccessorImpl.java:45)
at java.lang.reflect.Constructor.newInstance(Constructor.java:422)
at org.openqa.selenium.remote.W3CHandshakeResponse.lambda$errorHandler$0(W3CHandshakeResponse.java:62)
at org.openqa.selenium.remote.HandshakeResponse.lambda$getResponseFunction$0(HandshakeResponse.java:30)
at org.openqa.selenium.remote.ProtocolHandshake.lambda$createSession$0(ProtocolHandshake.java:126)
at java.util.stream.ReferencePipeline$3$1.accept(ReferencePipeline.java:193)
at java.util.Spliterators$ArraySpliterator.tryAdvance(Spliterators.java:958)
at java.util.stream.ReferencePipeline.forEachWithCancel(ReferencePipeline.java:126)
at java.util.stream.AbstractPipeline.copyIntoWithCancel(AbstractPipeline.java:498)
at java.util.stream.AbstractPipeline.copyInto(AbstractPipeline.java:485)
at java.util.stream.AbstractPipeline.wrapAndCopyInto(AbstractPipeline.java:471)
at java.util.stream.FindOps$FindOp.evaluateSequential(FindOps.java:152)
at java.util.stream.AbstractPipeline.evaluate(AbstractPipeline.java:234)
at java.util.stream.ReferencePipeline.findFirst(ReferencePipeline.java:464)
at org.openqa.selenium.remote.ProtocolHandshake.createSession(ProtocolHandshake.java:128)
at org.openqa.selenium.remote.ProtocolHandshake.createSession(ProtocolHandshake.java:74)
at org.openqa.selenium.remote.HttpCommandExecutor.execute(HttpCommandExecutor.java:136)
at org.openqa.selenium.remote.service.DriverCommandExecutor.execute(DriverCommandExecutor.java:83)
at org.openqa.selenium.remote.RemoteWebDriver.execute(RemoteWebDriver.java:552)
at org.openqa.selenium.remote.RemoteWebDriver.startSession(RemoteWebDriver.java:213)
at org.openqa.selenium.remote.RemoteWebDriver.<init>(RemoteWebDriver.java:131)
at org.openqa.selenium.chrome.ChromeDriver.<init>(ChromeDriver.java:181)
at org.openqa.selenium.chrome.ChromeDriver.<init>(ChromeDriver.java:168)
at org.openqa.selenium.chrome.ChromeDriver.<init>(ChromeDriver.java:123)
at com.app.at.testcases.AutomationTestWebsite.setup(AutomationTestWebsite.java:62)
at sun.reflect.NativeMethodAccessorImpl.invoke0(Native Method)
at sun.reflect.NativeMethodAccessorImpl.invoke(NativeMethodAccessorImpl.java:62)
at sun.reflect.DelegatingMethodAccessorImpl.invoke(DelegatingMethodAccessorImpl.java:43)
at java.lang.reflect.Method.invoke(Method.java:497)
at org.testng.internal.MethodInvocationHelper.invokeMethod(MethodInvocationHelper.java:133)
at org.testng.internal.MethodInvocationHelper.invokeMethodConsideringTimeout(MethodInvocationHelper.java:62)
at org.testng.internal.ConfigInvoker.invokeConfigurationMethod(ConfigInvoker.java:385)
at org.testng.internal.ConfigInvoker.invokeConfigurations(ConfigInvoker.java:321)
at org.testng.internal.TestInvoker.runConfigMethods(TestInvoker.java:700)
at org.testng.internal.TestInvoker.invokeMethod(TestInvoker.java:527)
at org.testng.internal.TestInvoker.invokeTestMethod(TestInvoker.java:173)
at org.testng.internal.MethodRunner.runInSequence(MethodRunner.java:46)
at org.testng.internal.TestInvoker$MethodInvocationAgent.invoke(TestInvoker.java:824)
at org.testng.internal.TestInvoker.invokeTestMethods(TestInvoker.java:146)
at org.testng.internal.TestMethodWorker.invokeTestMethods(TestMethodWorker.java:146)
at org.testng.internal.TestMethodWorker.run(TestMethodWorker.java:128)
at java.util.ArrayList.forEach(ArrayList.java:1249)
at org.testng.TestRunner.privateRun(TestRunner.java:794)
at org.testng.TestRunner.run(TestRunner.java:596)
at org.testng.SuiteRunner.runTest(SuiteRunner.java:377)
at org.testng.SuiteRunner.runSequentially(SuiteRunner.java:371)
at org.testng.SuiteRunner.privateRun(SuiteRunner.java:332)
at org.testng.SuiteRunner.run(SuiteRunner.java:276)
at org.testng.SuiteRunnerWorker.runSuite(SuiteRunnerWorker.java:53)
at org.testng.SuiteRunnerWorker.run(SuiteRunnerWorker.java:96)
at org.testng.TestNG.runSuitesSequentially(TestNG.java:1212)
at org.testng.TestNG.runSuitesLocally(TestNG.java:1134)
at org.testng.TestNG.runSuites(TestNG.java:1063)
at org.testng.TestNG.run(TestNG.java:1031)
at org.testng.remote.AbstractRemoteTestNG.run(AbstractRemoteTestNG.java:115)
at org.testng.remote.RemoteTestNG.initAndRun(RemoteTestNG.java:251)
at org.testng.remote.RemoteTestNG.main(RemoteTestNG.java:77)
]]>
    </failure>
  </testcase> <!-- @BeforeMethod setup -->
  <testcase name="@AfterMethod tearDown" time="-1.615709454566E9" classname="com.app.at.testcases.AutomationTestWebsite">
    <skipped/>
  </testcase> <!-- @AfterMethod tearDown -->
  <testcase name="@AfterTest endReport" time="-1.615709454577E9" classname="com.app.at.testcases.AutomationTestWebsite">
    <skipped/>
  </testcase> <!-- @AfterTest endReport -->
  <testcase name="atTest" time="0.0" classname="com.app.at.testcases.AutomationTestWebsite">
    <skipped/>
  </testcase> <!-- atTest -->
</testsuite> <!-- Default test -->
